<?xml version="1.0" encoding="UTF-8"?>
<robot generator="Robot 3.2.2 (Python 3.9.0 on win32)" generated="20201105 17:35:24.937" rpa="false">
<suite id="s1" name="ClickInfo" source="C:\Users\sammy\IntelliJ\todolist\selenium\tests\ClickInfo.robot">
<kw name="Run Keywords" library="BuiltIn" type="setup">
<doc>Executes all the given keywords in a sequence.</doc>
<arguments>
<arg>Open The Internet</arg>
</arguments>
<kw name="Open The Internet" library="basePage">
<kw name="Open Browser" library="SeleniumLibrary">
<doc>Opens a new browser instance to the optional ``url``.</doc>
<arguments>
<arg>${url}</arg>
<arg>${browser}</arg>
</arguments>
<msg timestamp="20201105 17:35:25.094" level="INFO">Opening browser 'Google Chrome' to base url 'https://sammylaureys.github.io/todolist/'.</msg>
<status status="PASS" starttime="20201105 17:35:25.094" endtime="20201105 17:35:28.927"></status>
</kw>
<status status="PASS" starttime="20201105 17:35:25.094" endtime="20201105 17:35:28.927"></status>
</kw>
<status status="PASS" starttime="20201105 17:35:25.094" endtime="20201105 17:35:28.927"></status>
</kw>
<test id="s1-t1" name="Click info">
<kw name="Sleep" library="BuiltIn">
<doc>Pauses the test executed for the given time.</doc>
<arguments>
<arg>3s</arg>
</arguments>
<msg timestamp="20201105 17:35:31.929" level="INFO">Slept 3 seconds</msg>
<status status="PASS" starttime="20201105 17:35:28.928" endtime="20201105 17:35:31.929"></status>
</kw>
<kw name="Click Link" library="SeleniumLibrary">
<doc>Clicks a link identified by ``locator``.</doc>
<arguments>
<arg>xpath://a[text()='How to use?']</arg>
</arguments>
<msg timestamp="20201105 17:35:31.931" level="INFO">Clicking link 'xpath://a[text()='How to use?']'.</msg>
<kw name="Capture Page Screenshot" library="SeleniumLibrary">
<doc>Takes a screenshot of the current page and embeds it into a log file.</doc>
<msg timestamp="20201105 17:35:32.230" level="INFO" html="yes">&lt;/td&gt;&lt;/tr&gt;&lt;tr&gt;&lt;td colspan="3"&gt;&lt;a href="selenium-screenshot-12.png"&gt;&lt;img src="selenium-screenshot-12.png" width="800px"&gt;&lt;/a&gt;</msg>
<status status="PASS" starttime="20201105 17:35:31.964" endtime="20201105 17:35:32.230"></status>
</kw>
<msg timestamp="20201105 17:35:32.251" level="FAIL">Link with locator 'xpath://a[text()='How to use?']' not found.</msg>
<status status="FAIL" starttime="20201105 17:35:31.930" endtime="20201105 17:35:32.251"></status>
</kw>
<status status="FAIL" starttime="20201105 17:35:28.927" endtime="20201105 17:35:32.251" critical="yes">Link with locator 'xpath://a[text()='How to use?']' not found.</status>
</test>
<test id="s1-t2" name="Check if page is set to info">
<kw name="Page Should Contain" library="SeleniumLibrary">
<doc>Verifies that current page contains ``text``.</doc>
<arguments>
<arg>How to use the app:</arg>
</arguments>
<kw name="Capture Page Screenshot" library="SeleniumLibrary">
<doc>Takes a screenshot of the current page and embeds it into a log file.</doc>
<msg timestamp="20201105 17:35:32.556" level="INFO" html="yes">&lt;/td&gt;&lt;/tr&gt;&lt;tr&gt;&lt;td colspan="3"&gt;&lt;a href="selenium-screenshot-13.png"&gt;&lt;img src="selenium-screenshot-13.png" width="800px"&gt;&lt;/a&gt;</msg>
<status status="PASS" starttime="20201105 17:35:32.275" endtime="20201105 17:35:32.556"></status>
</kw>
<msg timestamp="20201105 17:35:32.556" level="FAIL">Page should have contained text 'How to use the app:' but did not.</msg>
<status status="FAIL" starttime="20201105 17:35:32.253" endtime="20201105 17:35:32.556"></status>
</kw>
<status status="FAIL" starttime="20201105 17:35:32.253" endtime="20201105 17:35:32.557" critical="yes">Page should have contained text 'How to use the app:' but did not.</status>
</test>
<kw name="Close Browser" library="SeleniumLibrary" type="teardown">
<doc>Closes the current browser.</doc>
<status status="PASS" starttime="20201105 17:35:32.558" endtime="20201105 17:35:34.637"></status>
</kw>
<status status="FAIL" starttime="20201105 17:35:24.938" endtime="20201105 17:35:34.637"></status>
</suite>
<statistics>
<total>
<stat pass="0" fail="2">Critical Tests</stat>
<stat pass="0" fail="2">All Tests</stat>
</total>
<tag>
</tag>
<suite>
<stat pass="0" fail="2" id="s1" name="ClickInfo">ClickInfo</stat>
</suite>
</statistics>
<errors>
</errors>
</robot>
