<?xml version="1.0" encoding="UTF-8"?>
<robot generator="Robot 3.2.2 (Python 3.9.0 on win32)" generated="20201105 17:27:07.354" rpa="false">
<suite id="s1" name="ClickInfo" source="C:\Users\sammy\IntelliJ\todolist\selenium\tests\ClickInfo.robot">
<kw name="Run Keywords" library="BuiltIn" type="setup">
<doc>Executes all the given keywords in a sequence.</doc>
<arguments>
<arg>Open The Internet</arg>
</arguments>
<kw name="Open The Internet" library="basePage">
<kw name="Open Browser" library="SeleniumLibrary">
<doc>Opens a new browser instance to the optional ``url``.</doc>
<arguments>
<arg>${url}</arg>
<arg>${browser}</arg>
</arguments>
<msg timestamp="20201105 17:27:07.512" level="INFO">Opening browser 'Google Chrome' to base url 'https://sammylaureys.github.io/todolist/'.</msg>
<status status="PASS" starttime="20201105 17:27:07.512" endtime="20201105 17:27:11.084"></status>
</kw>
<status status="PASS" starttime="20201105 17:27:07.512" endtime="20201105 17:27:11.085"></status>
</kw>
<status status="PASS" starttime="20201105 17:27:07.511" endtime="20201105 17:27:11.085"></status>
</kw>
<test id="s1-t1" name="Click info">
<kw name="Page Should Contain Link" library="SeleniumLibrary">
<doc>Verifies link identified by ``locator`` is found from current page.</doc>
<arguments>
<arg>link:How to use?</arg>
</arguments>
<msg timestamp="20201105 17:27:11.102" level="INFO">Current page contains link 'link:How to use?'.</msg>
<status status="PASS" starttime="20201105 17:27:11.086" endtime="20201105 17:27:11.102"></status>
</kw>
<kw name="Sleep" library="BuiltIn">
<doc>Pauses the test executed for the given time.</doc>
<arguments>
<arg>3s</arg>
</arguments>
<msg timestamp="20201105 17:27:14.104" level="INFO">Slept 3 seconds</msg>
<status status="PASS" starttime="20201105 17:27:11.103" endtime="20201105 17:27:14.104"></status>
</kw>
<kw name="Click Link" library="SeleniumLibrary">
<doc>Clicks a link identified by ``locator``.</doc>
<arguments>
<arg>link:How to use?</arg>
</arguments>
<msg timestamp="20201105 17:27:14.104" level="INFO">Clicking link 'link:How to use?'.</msg>
<kw name="Capture Page Screenshot" library="SeleniumLibrary">
<doc>Takes a screenshot of the current page and embeds it into a log file.</doc>
<msg timestamp="20201105 17:27:14.367" level="INFO" html="yes">&lt;/td&gt;&lt;/tr&gt;&lt;tr&gt;&lt;td colspan="3"&gt;&lt;a href="selenium-screenshot-8.png"&gt;&lt;img src="selenium-screenshot-8.png" width="800px"&gt;&lt;/a&gt;</msg>
<status status="PASS" starttime="20201105 17:27:14.130" endtime="20201105 17:27:14.367"></status>
</kw>
<msg timestamp="20201105 17:27:14.369" level="FAIL">ElementNotInteractableException: Message: element not interactable: element has zero size
  (Session info: chrome=86.0.4240.183)
</msg>
<status status="FAIL" starttime="20201105 17:27:14.104" endtime="20201105 17:27:14.369"></status>
</kw>
<status status="FAIL" starttime="20201105 17:27:11.085" endtime="20201105 17:27:14.369" critical="yes">ElementNotInteractableException: Message: element not interactable: element has zero size
  (Session info: chrome=86.0.4240.183)
</status>
</test>
<test id="s1-t2" name="Check if page is set to info">
<kw name="Page Should Contain" library="SeleniumLibrary">
<doc>Verifies that current page contains ``text``.</doc>
<arguments>
<arg>How to use the app:</arg>
</arguments>
<kw name="Capture Page Screenshot" library="SeleniumLibrary">
<doc>Takes a screenshot of the current page and embeds it into a log file.</doc>
<msg timestamp="20201105 17:27:14.688" level="INFO" html="yes">&lt;/td&gt;&lt;/tr&gt;&lt;tr&gt;&lt;td colspan="3"&gt;&lt;a href="selenium-screenshot-9.png"&gt;&lt;img src="selenium-screenshot-9.png" width="800px"&gt;&lt;/a&gt;</msg>
<status status="PASS" starttime="20201105 17:27:14.393" endtime="20201105 17:27:14.688"></status>
</kw>
<msg timestamp="20201105 17:27:14.689" level="FAIL">Page should have contained text 'How to use the app:' but did not.</msg>
<status status="FAIL" starttime="20201105 17:27:14.371" endtime="20201105 17:27:14.689"></status>
</kw>
<status status="FAIL" starttime="20201105 17:27:14.371" endtime="20201105 17:27:14.689" critical="yes">Page should have contained text 'How to use the app:' but did not.</status>
</test>
<kw name="Close Browser" library="SeleniumLibrary" type="teardown">
<doc>Closes the current browser.</doc>
<status status="PASS" starttime="20201105 17:27:14.691" endtime="20201105 17:27:16.764"></status>
</kw>
<status status="FAIL" starttime="20201105 17:27:07.355" endtime="20201105 17:27:16.764"></status>
</suite>
<statistics>
<total>
<stat pass="0" fail="2">Critical Tests</stat>
<stat pass="0" fail="2">All Tests</stat>
</total>
<tag>
</tag>
<suite>
<stat pass="0" fail="2" id="s1" name="ClickInfo">ClickInfo</stat>
</suite>
</statistics>
<errors>
</errors>
</robot>
